[Tue, 22 Oct 2013 14:33:51 +0400] (N); Creating database scheme
[Tue, 22 Oct 2013 14:33:58 +0400] (N); Importing data
[Tue, 22 Oct 2013 14:33:59 +0400] (N); Creating demo
[Tue, 22 Oct 2013 14:34:00 +0400] (N); Installing additional language en
[Tue, 22 Oct 2013 14:34:01 +0400] (N); Installing additional language en
[Tue, 22 Oct 2013 14:34:03 +0400] (N); access_restrictions add-on installed
[Tue, 22 Oct 2013 14:34:04 +0400] (N); attachments add-on installed
[Tue, 22 Oct 2013 14:34:04 +0400] (N); banners add-on installed
[Tue, 22 Oct 2013 14:34:04 +0400] (N); barcode add-on installed
[Tue, 22 Oct 2013 14:34:04 +0400] (N); bestsellers add-on installed
[Tue, 22 Oct 2013 14:34:04 +0400] (N); buy_together add-on installed
[Tue, 22 Oct 2013 14:34:04 +0400] (N); catalog_mode add-on installed
[Tue, 22 Oct 2013 14:34:04 +0400] (N); customers_also_bought add-on installed
[Tue, 22 Oct 2013 14:34:04 +0400] (N); data_feeds add-on installed
[Tue, 22 Oct 2013 14:34:05 +0400] (N); discussion add-on installed
[Tue, 22 Oct 2013 14:34:05 +0400] (N); form_builder add-on installed
[Tue, 22 Oct 2013 14:34:05 +0400] (N); gift_certificates add-on installed
[Tue, 22 Oct 2013 14:34:05 +0400] (N); gift_registry add-on installed
[Tue, 22 Oct 2013 14:34:05 +0400] (N); google_analytics add-on installed
[Tue, 22 Oct 2013 14:34:06 +0400] (N); google_sitemap add-on installed
[Tue, 22 Oct 2013 14:34:06 +0400] (N); hidpi add-on installed
[Tue, 22 Oct 2013 14:34:06 +0400] (N); hybrid_auth add-on installed
[Tue, 22 Oct 2013 14:34:06 +0400] (N); image_zoom add-on installed
[Tue, 22 Oct 2013 14:34:06 +0400] (N); janrain add-on installed
[Tue, 22 Oct 2013 14:34:06 +0400] (N); my_changes add-on installed
[Tue, 22 Oct 2013 14:34:06 +0400] (N); news_and_emails add-on installed
[Tue, 22 Oct 2013 14:34:07 +0400] (N); polls add-on installed
[Tue, 22 Oct 2013 14:34:07 +0400] (N); price_list add-on installed
[Tue, 22 Oct 2013 14:34:07 +0400] (N); required_products add-on installed
[Tue, 22 Oct 2013 14:34:07 +0400] (N); reward_points add-on installed
[Tue, 22 Oct 2013 14:34:07 +0400] (N); rma add-on installed
[Tue, 22 Oct 2013 14:34:07 +0400] (N); rss_feed add-on installed
[Tue, 22 Oct 2013 14:34:07 +0400] (N); seo add-on installed
[Tue, 22 Oct 2013 14:34:08 +0400] (N); social_buttons add-on installed
[Tue, 22 Oct 2013 14:34:08 +0400] (N); statistics add-on installed
[Tue, 22 Oct 2013 14:34:09 +0400] (N); store_locator add-on installed
[Tue, 22 Oct 2013 14:34:09 +0400] (N); tags add-on installed
[Tue, 22 Oct 2013 14:34:10 +0400] (N); twigmo add-on installed
[Tue, 22 Oct 2013 14:34:10 +0400] (N); vendor_data_premoderation add-on installed
[Tue, 22 Oct 2013 14:34:10 +0400] (N); watermarks add-on installed
[Tue, 22 Oct 2013 14:34:10 +0400] (N); wishlist add-on installed
